<?xml version="1.0" encoding="UTF-8"?>
<!-- Generated by org.testng.reporters.JUnitReportReporter -->
<testsuite hostname="MacBOOok.local" failures="0" tests="3" name="hackoverload.v1.testcases.SplashPageTests" time="1.198" errors="0" timestamp="2023-05-24T16:43:41 PDT" skipped="0">
  <testcase classname="hackoverload.v1.testcases.SplashPageTests" name="testSecondJoinButton" time="0.211"/>
  <system-out/>
  <testcase classname="hackoverload.v1.testcases.SplashPageTests" name="testJoinButton" time="0.529"/>
  <system-out/>
  <testcase classname="hackoverload.v1.testcases.SplashPageTests" name="testLoginButton" time="0.458"/>
  <system-out/>
</testsuite> <!-- hackoverload.v1.testcases.SplashPageTests -->
