<?xml version="1.0" encoding="UTF-8"?>
<!-- Generated by org.testng.reporters.JUnitReportReporter -->
<testsuite hostname="MacBOOok.local" failures="0" tests="3" name="hackoverload.v1.testcases.SplashPageTests" time="2.352" errors="0" timestamp="2023-06-13T18:47:20 PDT" skipped="0">
  <testcase classname="hackoverload.v1.testcases.SplashPageTests" name="testJoinButton" time="1.261"/>
  <system-out/>
  <testcase classname="hackoverload.v1.testcases.SplashPageTests" name="testLoginButton" time="0.760"/>
  <system-out/>
  <testcase classname="hackoverload.v1.testcases.SplashPageTests" name="testSecondJoinButton" time="0.331"/>
  <system-out/>
</testsuite> <!-- hackoverload.v1.testcases.SplashPageTests -->
