<?xml version="1.0" encoding="UTF-8"?>
<!-- Generated by org.testng.reporters.JUnitReportReporter -->
<testsuite hostname="MacBOOok.local" failures="0" tests="1" name="hackoverload.v1.testcases.LoginPageTests" time="1.425" errors="0" timestamp="2023-06-12T00:43:35 PDT" skipped="0">
  <testcase classname="hackoverload.v1.testcases.LoginPageTests" name="testDemoLogin" time="1.425"/>
  <system-out/>
</testsuite> <!-- hackoverload.v1.testcases.LoginPageTests -->
