<?xml version="1.0" encoding="UTF-8"?>
<!-- Generated by org.testng.reporters.JUnitReportReporter -->
<testsuite hostname="MacBOOok.local" failures="0" tests="1" name="hackoverload.v1.testcases.LoginPageTests" time="0.842" errors="0" timestamp="2023-05-22T19:03:01 PDT" skipped="0">
  <testcase classname="hackoverload.v1.testcases.LoginPageTests" name="testDemoLogin" time="0.842"/>
  <system-out/>
</testsuite> <!-- hackoverload.v1.testcases.LoginPageTests -->
