<?xml version="1.0" encoding="UTF-8"?>
<!-- Generated by org.testng.reporters.JUnitReportReporter -->
<testsuite hostname="MacBOOok.local" failures="0" tests="1" name="hackoverload.v1.testcases.SplashPageTests" time="0.318" errors="0" timestamp="2023-05-04T04:23:06 PDT" skipped="0">
  <testcase classname="hackoverload.v1.testcases.SplashPageTests" name="testJoin" time="0.318"/>
  <system-out/>
</testsuite> <!-- hackoverload.v1.testcases.SplashPageTests -->
