<?xml version="1.0" encoding="UTF-8"?>
<!-- Generated by org.testng.reporters.JUnitReportReporter -->
<testsuite hostname="MacBOOok.local" failures="0" tests="3" name="hackoverload.v1.testcases.SplashPageTests" time="1.383" errors="0" timestamp="2023-06-06T17:10:58 PDT" skipped="0">
  <testcase classname="hackoverload.v1.testcases.SplashPageTests" name="testJoinButton" time="0.918"/>
  <system-out/>
  <testcase classname="hackoverload.v1.testcases.SplashPageTests" name="testSecondJoinButton" time="0.257"/>
  <system-out/>
  <testcase classname="hackoverload.v1.testcases.SplashPageTests" name="testLoginButton" time="0.208"/>
  <system-out/>
</testsuite> <!-- hackoverload.v1.testcases.SplashPageTests -->
