<?xml version="1.0" encoding="UTF-8"?>
<!-- Generated by org.testng.reporters.JUnitReportReporter -->
<testsuite hostname="MacBOOok.local" failures="0" tests="1" name="hackoverload.v1.testcases.LoginPageTests" time="1.600" errors="0" timestamp="2023-06-08T18:17:01 PDT" skipped="0">
  <testcase classname="hackoverload.v1.testcases.LoginPageTests" name="testDemoLogin" time="1.600"/>
  <system-out/>
</testsuite> <!-- hackoverload.v1.testcases.LoginPageTests -->
