<?xml version="1.0" encoding="UTF-8"?>
<!-- Generated by org.testng.reporters.JUnitReportReporter -->
<testsuite hostname="MacBOOok.local" failures="0" tests="1" name="hackoverload.v1.AppTest" time="0.015" errors="0" timestamp="2023-04-28T18:29:25 PDT" skipped="0">
  <testcase classname="hackoverload.v1.AppTest" name="shouldAnswerWithTrue" time="0.015"/>
  <system-out/>
</testsuite> <!-- hackoverload.v1.AppTest -->
